<?xml version="1.0" encoding="UTF-8"?>
<!-- Generated by org.testng.reporters.JUnitXMLReporter -->
<testsuite ignored="0" hostname="LAPTOP-OGAG1L2N" failures="0" tests="3" name="Default test" time="0.056" errors="0" timestamp="2021-12-30T15:17:54 IST">
  <testcase classname="com.testingshastra.config.BaseClass" name="@BeforeMethod setUp" time="-1.64085767489E9">
    <failure type="org.testng.TestNGException" message="
Parameter &amp;apos;browser-name&amp;apos; is required by BeforeMethod on method setUp but has not been marked @Optional or defined
in C:\Users\hp\AppData\Local\Temp\testng-eclipse--1704493326\testng-customsuite.xml">
      <![CDATA[org.testng.TestNGException: 
Parameter 'browser-name' is required by BeforeMethod on method setUp but has not been marked @Optional or defined
in C:\Users\hp\AppData\Local\Temp\testng-eclipse--1704493326\testng-customsuite.xml
at org.testng.internal.Parameters.createParams(Parameters.java:270)
at org.testng.internal.Parameters.createParametersForMethod(Parameters.java:358)
at org.testng.internal.Parameters.createParameters(Parameters.java:700)
at org.testng.internal.Parameters.createConfigurationParameters(Parameters.java:168)
at org.testng.internal.ConfigInvoker.invokeConfigurations(ConfigInvoker.java:302)
at org.testng.internal.TestInvoker.runConfigMethods(TestInvoker.java:700)
at org.testng.internal.TestInvoker.invokeMethod(TestInvoker.java:527)
at org.testng.internal.TestInvoker.invokeTestMethod(TestInvoker.java:173)
at org.testng.internal.MethodRunner.runInSequence(MethodRunner.java:46)
at org.testng.internal.TestInvoker$MethodInvocationAgent.invoke(TestInvoker.java:824)
at org.testng.internal.TestInvoker.invokeTestMethods(TestInvoker.java:146)
at org.testng.internal.TestMethodWorker.invokeTestMethods(TestMethodWorker.java:146)
at org.testng.internal.TestMethodWorker.run(TestMethodWorker.java:128)
at java.base/java.util.ArrayList.forEach(ArrayList.java:1511)
at org.testng.TestRunner.privateRun(TestRunner.java:794)
at org.testng.TestRunner.run(TestRunner.java:596)
at org.testng.SuiteRunner.runTest(SuiteRunner.java:377)
at org.testng.SuiteRunner.runSequentially(SuiteRunner.java:371)
at org.testng.SuiteRunner.privateRun(SuiteRunner.java:332)
at org.testng.SuiteRunner.run(SuiteRunner.java:276)
at org.testng.SuiteRunnerWorker.runSuite(SuiteRunnerWorker.java:53)
at org.testng.SuiteRunnerWorker.run(SuiteRunnerWorker.java:96)
at org.testng.TestNG.runSuitesSequentially(TestNG.java:1212)
at org.testng.TestNG.runSuitesLocally(TestNG.java:1134)
at org.testng.TestNG.runSuites(TestNG.java:1063)
at org.testng.TestNG.run(TestNG.java:1031)
at org.testng.remote.AbstractRemoteTestNG.run(AbstractRemoteTestNG.java:115)
at org.testng.remote.RemoteTestNG.initAndRun(RemoteTestNG.java:251)
at org.testng.remote.RemoteTestNG.main(RemoteTestNG.java:77)
]]>
    </failure>
  </testcase> <!-- @BeforeMethod setUp -->
  <testcase classname="com.testingshastra.config.BaseClass" name="@AfterMethod tearDown" time="-1.640857674905E9">
    <skipped/>
  </testcase> <!-- @AfterMethod tearDown -->
  <testcase classname="com.testingshastra.config.BaseClass" name="@BeforeMethod setUp" time="-1.640857674907E9">
    <skipped/>
  </testcase> <!-- @BeforeMethod setUp -->
  <testcase classname="com.testingshastra.config.BaseClass" name="@AfterMethod tearDown" time="-1.64085767491E9">
    <skipped/>
  </testcase> <!-- @AfterMethod tearDown -->
  <testcase classname="com.testingshastra.config.BaseClass" name="@BeforeMethod setUp" time="-1.640857674911E9">
    <skipped/>
  </testcase> <!-- @BeforeMethod setUp -->
  <testcase classname="com.testingshastra.config.BaseClass" name="@AfterMethod tearDown" time="-1.640857674914E9">
    <skipped/>
  </testcase> <!-- @AfterMethod tearDown -->
  <testcase classname="com.testingshastra.UItests.IJmeet.POMHomePageTests" name="printAllInfoLinks" time="0.0">
    <skipped/>
  </testcase> <!-- printAllInfoLinks -->
  <testcase classname="com.testingshastra.UItests.IJmeet.POMHomePageTests" name="verifyIfUserRedirectsToJoinMeetingPage" time="0.0">
    <skipped/>
  </testcase> <!-- verifyIfUserRedirectsToJoinMeetingPage -->
  <testcase classname="com.testingshastra.UItests.IJmeet.POMHomePageTests" name="verifyTitleOfHomePage" time="0.0">
    <skipped/>
  </testcase> <!-- verifyTitleOfHomePage -->
</testsuite> <!-- Default test -->
