<?xml version="1.0" encoding="UTF-8"?>
<!-- Generated by org.testng.reporters.JUnitXMLReporter -->
<testsuite ignored="0" hostname="LAPTOP-OGAG1L2N" failures="0" tests="4" name="Test" time="0.067" errors="0" timestamp="2021-12-30T23:28:02 IST">
  <testcase classname="com.testingshastra.config.BaseClass" name="@BeforeMethod setUp" time="-1.640887081982E9">
    <failure type="org.testng.TestNGException" message="
Parameter &amp;apos;browser-name&amp;apos; is required by BeforeMethod on method setUp but has not been marked @Optional or defined
in D:\Workplace\Daisy21FrameWork\testng.xml">
      <![CDATA[org.testng.TestNGException: 
Parameter 'browser-name' is required by BeforeMethod on method setUp but has not been marked @Optional or defined
in D:\Workplace\Daisy21FrameWork\testng.xml
at java.base/java.util.ArrayList.forEach(ArrayList.java:1511)
... Removed 28 stack frames]]>
    </failure>
  </testcase> <!-- @BeforeMethod setUp -->
  <testcase classname="com.testingshastra.config.BaseClass" name="@AfterMethod tearDown" time="-1.640887081999E9">
    <skipped/>
  </testcase> <!-- @AfterMethod tearDown -->
  <testcase classname="com.testingshastra.config.BaseClass" name="@BeforeMethod setUp" time="-1.640887082003E9">
    <failure type="org.testng.TestNGException" message="
Parameter &amp;apos;browser-name&amp;apos; is required by BeforeMethod on method setUp but has not been marked @Optional or defined
in D:\Workplace\Daisy21FrameWork\testng.xml">
      <![CDATA[org.testng.TestNGException: 
Parameter 'browser-name' is required by BeforeMethod on method setUp but has not been marked @Optional or defined
in D:\Workplace\Daisy21FrameWork\testng.xml
at java.base/java.util.ArrayList.forEach(ArrayList.java:1511)
... Removed 28 stack frames]]>
    </failure>
  </testcase> <!-- @BeforeMethod setUp -->
  <testcase classname="com.testingshastra.config.BaseClass" name="@AfterMethod tearDown" time="-1.640887082008E9">
    <skipped/>
  </testcase> <!-- @AfterMethod tearDown -->
  <testcase classname="com.testingshastra.config.BaseClass" name="@BeforeMethod setUp" time="-1.64088708201E9">
    <skipped/>
  </testcase> <!-- @BeforeMethod setUp -->
  <testcase classname="com.testingshastra.config.BaseClass" name="@AfterMethod tearDown" time="-1.640887082015E9">
    <skipped/>
  </testcase> <!-- @AfterMethod tearDown -->
  <testcase classname="com.testingshastra.config.BaseClass" name="@BeforeMethod setUp" time="-1.640887082017E9">
    <skipped/>
  </testcase> <!-- @BeforeMethod setUp -->
  <testcase classname="com.testingshastra.config.BaseClass" name="@AfterMethod tearDown" time="-1.640887082022E9">
    <skipped/>
  </testcase> <!-- @AfterMethod tearDown -->
  <testcase classname="com.testingshastra.UItests.homepagetests.HomePageTests" name="verifyTitleOfHomePage" time="0.0">
    <skipped/>
  </testcase> <!-- verifyTitleOfHomePage -->
  <testcase classname="com.testingshastra.UItests.IJmeet.POMHomePageTests" name="printAllInfoLinks" time="0.0">
    <skipped/>
  </testcase> <!-- printAllInfoLinks -->
  <testcase classname="com.testingshastra.UItests.IJmeet.POMHomePageTests" name="verifyIfUserRedirectsToJoinMeetingPage" time="0.0">
    <skipped/>
  </testcase> <!-- verifyIfUserRedirectsToJoinMeetingPage -->
  <testcase classname="com.testingshastra.UItests.IJmeet.POMHomePageTests" name="verifyTitleOfHomePage" time="0.0">
    <skipped/>
  </testcase> <!-- verifyTitleOfHomePage -->
</testsuite> <!-- Test -->
